2018-12-19 15:12:47,362 INFO  [Log] **************************************************************************************** 
2018-12-19 15:12:47,362 INFO  [Log] **************************************************************************************** 
2018-12-19 15:12:47,362 INFO  [Log] $$$$$$$$$$$$$$$$$$$$$                 tc_shoppingCartTesting       $$$$$$$$$$$$$$$$$$$$$$$$$ 
2018-12-19 15:12:47,362 INFO  [Log] **************************************************************************************** 
2018-12-19 15:12:47,362 INFO  [Log] **************************************************************************************** 
2018-12-19 15:12:58,930 INFO  [Log] Opening Browser: FF 
2018-12-19 15:12:59,030 INFO  [Log] Searching for Item: IPhone 
2018-12-19 15:13:01,650 INFO  [Log] Qty added to cart: 2 
2018-12-19 15:13:02,969 INFO  [Log] customerName: Adam 
2018-12-19 15:13:03,123 INFO  [Log] customerCity: MIAMI BEACH 
2018-12-19 15:13:03,185 INFO  [Log] customerState: FL 
2018-12-19 15:13:05,046 INFO  [Log] orderConfirmation: Thank you for ordering with us! 
2018-12-19 15:13:06,914 INFO  [Log] XXXXXXXXXXXXXXXXXXXXXXX             -E---N---D-             XXXXXXXXXXXXXXXXXXXXXX 
2018-12-19 15:13:06,914 INFO  [Log]   
2018-12-19 15:13:06,915 INFO  [Log]   
2018-12-19 15:13:06,915 INFO  [Log]   
2018-12-19 15:13:06,915 INFO  [Log] ----------------------- 
2018-12-19 15:13:07,415 INFO  [Log] **************************************************************************************** 
2018-12-19 15:13:07,415 INFO  [Log] **************************************************************************************** 
2018-12-19 15:13:07,415 INFO  [Log] $$$$$$$$$$$$$$$$$$$$$                 tc_shoppingCartTesting       $$$$$$$$$$$$$$$$$$$$$$$$$ 
2018-12-19 15:13:07,415 INFO  [Log] **************************************************************************************** 
2018-12-19 15:13:07,415 INFO  [Log] **************************************************************************************** 
2018-12-19 15:13:13,662 INFO  [Log] Opening Browser: CH 
2018-12-19 15:13:13,805 INFO  [Log] Searching for Item: TV 
2018-12-19 15:13:15,005 INFO  [Log] Qty added to cart: 3 
2018-12-19 15:13:16,534 INFO  [Log] customerName: Brett 
2018-12-19 15:13:16,889 INFO  [Log] customerCity: MANHATTAN 
2018-12-19 15:13:17,015 INFO  [Log] customerState: NY 
2018-12-19 15:13:19,839 INFO  [Log] orderConfirmation: Thank you for ordering with us! 
2018-12-19 15:13:20,652 INFO  [Log] XXXXXXXXXXXXXXXXXXXXXXX             -E---N---D-             XXXXXXXXXXXXXXXXXXXXXX 
2018-12-19 15:13:20,652 INFO  [Log]   
2018-12-19 15:13:20,652 INFO  [Log]   
2018-12-19 15:13:20,652 INFO  [Log]   
2018-12-19 15:13:20,652 INFO  [Log] ----------------------- 
2018-12-19 15:13:20,805 INFO  [Log] **************************************************************************************** 
2018-12-19 15:13:20,805 INFO  [Log] **************************************************************************************** 
2018-12-19 15:13:20,805 INFO  [Log] $$$$$$$$$$$$$$$$$$$$$                 tc_shoppingCartTesting       $$$$$$$$$$$$$$$$$$$$$$$$$ 
2018-12-19 15:13:20,805 INFO  [Log] **************************************************************************************** 
2018-12-19 15:13:20,805 INFO  [Log] **************************************************************************************** 
2018-12-19 15:13:31,651 INFO  [Log] Opening Browser: FF 
2018-12-19 15:13:31,740 INFO  [Log] Searching for Item: Canon 
2018-12-19 15:13:33,086 INFO  [Log] Qty added to cart: 4 
2018-12-19 15:13:34,637 INFO  [Log] customerName: Christene 
2018-12-19 15:13:34,806 INFO  [Log] customerCity: ALPHARETTA 
2018-12-19 15:13:34,875 INFO  [Log] customerState: GA 
2018-12-19 15:13:36,671 INFO  [Log] orderConfirmation: Thank you for ordering with us! 
2018-12-19 15:13:38,560 INFO  [Log] XXXXXXXXXXXXXXXXXXXXXXX             -E---N---D-             XXXXXXXXXXXXXXXXXXXXXX 
2018-12-19 15:13:38,560 INFO  [Log]   
2018-12-19 15:13:38,560 INFO  [Log]   
2018-12-19 15:13:38,560 INFO  [Log]   
2018-12-19 15:13:38,560 INFO  [Log] ----------------------- 
2018-12-19 15:13:39,124 INFO  [Log] **************************************************************************************** 
2018-12-19 15:13:39,124 INFO  [Log] **************************************************************************************** 
2018-12-19 15:13:39,124 INFO  [Log] $$$$$$$$$$$$$$$$$$$$$                 tc_shoppingCartTesting       $$$$$$$$$$$$$$$$$$$$$$$$$ 
2018-12-19 15:13:39,124 INFO  [Log] **************************************************************************************** 
2018-12-19 15:13:39,124 INFO  [Log] **************************************************************************************** 
2018-12-19 15:13:46,274 INFO  [Log] Opening Browser: CH 
2018-12-19 15:13:46,443 INFO  [Log] Searching for Item: Echo 
2018-12-19 15:13:47,602 INFO  [Log] Qty added to cart: 5 
2018-12-19 15:13:49,002 INFO  [Log] customerName: David 
2018-12-19 15:13:49,533 INFO  [Log] customerCity: BOSTON 
2018-12-19 15:13:49,668 INFO  [Log] customerState: MA 
2018-12-19 15:13:52,626 INFO  [Log] orderConfirmation: Thank you for ordering with us! 
2018-12-19 15:13:53,361 INFO  [Log] XXXXXXXXXXXXXXXXXXXXXXX             -E---N---D-             XXXXXXXXXXXXXXXXXXXXXX 
2018-12-19 15:13:53,361 INFO  [Log]   
2018-12-19 15:13:53,361 INFO  [Log]   
2018-12-19 15:13:53,361 INFO  [Log]   
2018-12-19 15:13:53,361 INFO  [Log] ----------------------- 
